1692981641242	geckodriver	INFO	Listening on 127.0.0.1:53570
1692981644332	mozrunner::runner	INFO	Running command: "C:\\Program Files\\Mozilla Firefox\\firefox.exe" "--marionette" "--remote-debugging-port" "53571" "--remote-allow-hosts" "localhost" "-no-remote" "-profile" "C:\\Users\\zidan\\AppData\\Local\\Temp\\rust_mozprofileWKd1ZE"
console.warn: services.settings: Ignoring preference override of remote settings server
console.warn: services.settings: Allow by setting MOZ_REMOTE_SETTINGS_DEVTOOLS=1 in the environment
1692981645192	Marionette	INFO	Marionette enabled
Dynamically enable window occlusion 0
1692981645501	Marionette	INFO	Listening on port 53580
Read port: 53580
WebDriver BiDi listening on ws://127.0.0.1:53571
1692981646366	RemoteAgent	WARN	TLS certificate errors will be ignored for this session
DevTools listening on ws://127.0.0.1:53571/devtools/browser/425b72ae-4ee7-4438-9145-3502af567c7c
[Parent 14344, IPC I/O Parent] WARNING: DuplicateHandle failed for handle 0 in TransferHandles: file /builds/worker/checkouts/gecko/ipc/chromium/src/chrome/common/ipc_channel_win.cc:621
[GPU 14508, IPC I/O Child] WARNING: pipe error: 232: file /builds/worker/checkouts/gecko/ipc/chromium/src/chrome/common/ipc_channel_win.cc:443
console.warn: LoginRecipes: "Falling back to a synchronous message for: https://teledeclaration-dgi.cm."
console.warn: LoginRecipes: "Falling back to a synchronous message for: https://teledeclaration-dgi.cm."
console.warn: LoginRecipes: "Falling back to a synchronous message for: https://teledeclaration-dgi.cm."
1692981741613	Marionette	WARN	Ignoring event 'DOMContentLoaded' because document has an invalid readyState of 'complete'.
console.warn: LoginRecipes: "Falling back to a synchronous message for: https://teledeclaration-dgi.cm."
console.warn: LoginRecipes: "Falling back to a synchronous message for: https://teledeclaration-dgi.cm."
1692981855784	Marionette	WARN	Ignoring event 'pageshow' because document has an invalid readyState of 'interactive'.
1692983164811	Marionette	INFO	Stopped listening on port 53580
Dynamically enable window occlusion 1
[Parent 14344, IPC I/O Parent] WARNING: DuplicateHandle failed for handle 0 in TransferHandles: file /builds/worker/checkouts/gecko/ipc/chromium/src/chrome/common/ipc_channel_win.cc:621
[GPU 14508, IPC I/O Child] WARNING: pipe error: 232: file /builds/worker/checkouts/gecko/ipc/chromium/src/chrome/common/ipc_channel_win.cc:443
[Parent 14344, IPC I/O Parent] WARNING: DuplicateHandle failed for handle 0 in TransferHandles: file /builds/worker/checkouts/gecko/ipc/chromium/src/chrome/common/ipc_channel_win.cc:621
[GPU 14508, IPC I/O Child] WARNING: pipe error: 232: file /builds/worker/checkouts/gecko/ipc/chromium/src/chrome/common/ipc_channel_win.cc:443
[Parent 14344, IPC I/O Parent] WARNING: DuplicateHandle failed for handle 0 in TransferHandles: file /builds/worker/checkouts/gecko/ipc/chromium/src/chrome/common/ipc_channel_win.cc:621
[GPU 14508, IPC I/O Child] WARNING: pipe error: 232: file /builds/worker/checkouts/gecko/ipc/chromium/src/chrome/common/ipc_channel_win.cc:443
[Parent 14344, IPC I/O Parent] WARNING: DuplicateHandle failed for handle 0 in TransferHandles: file /builds/worker/checkouts/gecko/ipc/chromium/src/chrome/common/ipc_channel_win.cc:621
[GPU 14508, IPC I/O Child] WARNING: pipe error: 232: file /builds/worker/checkouts/gecko/ipc/chromium/src/chrome/common/ipc_channel_win.cc:443
1692983173015	geckodriver	INFO	Listening on 127.0.0.1:56087
1692983176087	mozrunner::runner	INFO	Running command: "C:\\Program Files\\Mozilla Firefox\\firefox.exe" "--marionette" "--remote-debugging-port" "56088" "--remote-allow-hosts" "localhost" "-no-remote" "-profile" "C:\\Users\\zidan\\AppData\\Local\\Temp\\rust_mozprofileEF0GXp"
console.warn: services.settings: Ignoring preference override of remote settings server
console.warn: services.settings: Allow by setting MOZ_REMOTE_SETTINGS_DEVTOOLS=1 in the environment
1692983176832	Marionette	INFO	Marionette enabled
Dynamically enable window occlusion 0
1692983177061	Marionette	INFO	Listening on port 56099
WebDriver BiDi listening on ws://127.0.0.1:56088
Read port: 56099
1692983178288	RemoteAgent	WARN	TLS certificate errors will be ignored for this session
DevTools listening on ws://127.0.0.1:56088/devtools/browser/5712de19-de77-4792-893d-84d169554b4e
console.error: Region.sys.mjs: "Error fetching region" (new Error("TIMEOUT", "resource://gre/modules/Region.sys.mjs", 759))
console.error: Region.sys.mjs: "Failed to fetch region" (new Error("TIMEOUT", "resource://gre/modules/Region.sys.mjs", 411))
[Parent 17164, IPC I/O Parent] WARNING: DuplicateHandle failed for handle 0 in TransferHandles: file /builds/worker/checkouts/gecko/ipc/chromium/src/chrome/common/ipc_channel_win.cc:621
[GPU 6284, IPC I/O Child] WARNING: pipe error: 232: file /builds/worker/checkouts/gecko/ipc/chromium/src/chrome/common/ipc_channel_win.cc:443
console.warn: LoginRecipes: "Falling back to a synchronous message for: https://teledeclaration-dgi.cm."
1692983521792	Marionette	WARN	Ignoring event 'pageshow' because document has an invalid readyState of 'interactive'.
JavaScript error: , line 0: NotFoundError: Could not move source file(C:\Users\zidan\AppData\Local\Temp\rust_mozprofileEF0GXp\bookmarkbackups\bookmarks-2023-08-25.jsonlz4) because it does not exist
